<?xml version="1.0" encoding="UTF-8"?>
<!-- Generated by org.testng.reporters.JUnitReportReporter -->
<testsuite hostname="DDC2-D-9TMG882" failures="0" tests="1" name="com.testcases.PostsTest" time="9.094" errors="0" timestamp="2020-02-27T15:16:40 IST" skipped="0">
  <testcase classname="com.testcases.PostsTest" name="createNewPost" time="9.094"/>
  <system-out/>
</testsuite> <!-- com.testcases.PostsTest -->
