<?xml version="1.0" encoding="UTF-8"?>
<!-- Generated by org.testng.reporters.JUnitReportReporter -->
<testsuite skipped="0" hostname="DESKTOP-OI33K19" name="com.testcases.UsersTest" tests="1" failures="0" timestamp="2020-02-28T13:54:26 IST" time="1.254" errors="0">
  <testcase name="getSingleUser" time="1.254" classname="com.testcases.UsersTest"/>
  <system-out/>
</testsuite> <!-- com.testcases.UsersTest -->
