<?xml version="1.0" encoding="UTF-8"?>
<!-- Generated by org.testng.reporters.JUnitReportReporter -->
<testsuite hostname="DDC2-D-9TMG882" failures="0" tests="1" name="com.testcases.UsersTest" time="0.684" errors="0" timestamp="2020-02-27T15:16:40 IST" skipped="0">
  <testcase classname="com.testcases.UsersTest" name="getSingleUser" time="0.684"/>
  <system-out/>
</testsuite> <!-- com.testcases.UsersTest -->
