<?xml version="1.0" encoding="UTF-8"?>
<!-- Generated by org.testng.reporters.JUnitReportReporter -->
<testsuite skipped="0" hostname="DESKTOP-OI33K19" name="com.testcases.PostsTest" tests="4" failures="0" timestamp="2020-02-28T15:07:12 IST" time="10.086" errors="0">
  <testcase name="createNewPost" time="5.553" classname="com.testcases.PostsTest"/>
  <system-out/>
  <testcase name="getAllPosts" time="1.308" classname="com.testcases.PostsTest"/>
  <system-out/>
  <testcase name="getPostsThroughUserId" time="1.260" classname="com.testcases.PostsTest"/>
  <system-out/>
  <testcase name="getSinglePost" time="1.965" classname="com.testcases.PostsTest"/>
  <system-out/>
</testsuite> <!-- com.testcases.PostsTest -->
